<?xml version="1.0" encoding="UTF-8"?><testsuite errors="1" failures="1" name="Prueba de ingreso" skipped="0" tests="12" time="703.53" timestamp="2020-11-16 07:47:39"><testcase name="Validar creacion nuevo post"/><testcase name="Validar login"/><testcase name="Validar opciones modulos post"/><testcase name="Validar ingreso a la opcion allpost"/><testcase name="Validar ingreso a la opcion addnew"/><testcase name="Validar ingreso a la opcion categories"/><testcase name="Validar ingreso a la opcion tags"/><testcase name="Validar que cargan todos los post"/><testcase name="Validar acciones masivas"><failure type="java.lang.AssertionError"/><system-err>null&#13;
Choucair.Prueba.pageobjects.Pageobjects.validar_accion_masiva(Pageobjects.java:170)&#13;
Choucair.Prueba.steps.Step.validar_accion_masiva(Step.java:83)&#13;
Choucair.Prueba.definitions.Definitions.validar_que_se_aplico_la_accion(Definitions.java:108)&#13;
cucumber.runner.Runner.runPickle(Runner.java:80)&#13;
org.eclipse.jdt.internal.junit4.runner.JUnit4TestReference.run(JUnit4TestReference.java:89)&#13;
org.eclipse.jdt.internal.junit.runner.TestExecution.run(TestExecution.java:41)&#13;
org.eclipse.jdt.internal.junit.runner.RemoteTestRunner.runTests(RemoteTestRunner.java:542)&#13;
org.eclipse.jdt.internal.junit.runner.RemoteTestRunner.runTests(RemoteTestRunner.java:770)&#13;
org.eclipse.jdt.internal.junit.runner.RemoteTestRunner.run(RemoteTestRunner.java:464)&#13;
org.eclipse.jdt.internal.junit.runner.RemoteTestRunner.main(RemoteTestRunner.java:210)&#13;
</system-err></testcase><testcase name="Validar que elimina un posts"/><testcase name="Validar edicion de un post"><error message="unexpected alert open: {Alert text : }&#10;  (Session info: chrome=86.0.4240.198): {Alert text : &#10;Build info: version: '3.141.59', revision: 'e82be7d358', time: '2018-11-14T08:17:03'&#10;System info: host: 'JUANSE-PC', ip: '192.168.0.4', os.name: 'Windows 7', os.arch: 'amd64', os.version: '6.1', java.version: '15.0.1'&#10;Driver info: org.openqa.selenium.chrome.ChromeDriver&#10;Capabilities {acceptInsecureCerts: false, browserName: chrome, browserVersion: 86.0.4240.198, chrome: {chromedriverVersion: 86.0.4240.22 (398b0743353ff..., userDataDir: C:\Users\JUANSE\AppData\Loc...}, goog:chromeOptions: {debuggerAddress: localhost:50690}, javascriptEnabled: true, networkConnectionEnabled: false, pageLoadStrategy: normal, platform: WINDOWS, platformName: WINDOWS, proxy: Proxy(), setWindowRect: true, strictFileInteractability: false, timeouts: {implicit: 0, pageLoad: 300000, script: 30000}, unhandledPromptBehavior: dismiss and notify, webauthn:virtualAuthenticators: true}&#10;Session ID: a447cf0ee97cad6bb2e43797e79760a8&#10;*** Element info: {Using=xpath, value=//a[contains(text(),'DDDDDDDDD')]}: null&#10;Build info: version: '3.141.59', revision: 'e82be7d358', time: '2018-11-14T08:17:03'&#10;System info: host: 'JUANSE-PC', ip: '192.168.0.4', os.name: 'Windows 7', os.arch: 'amd64', os.version: '6.1', java.version: '15.0.1'&#10;Driver info: driver.version: unknown" type="org.openqa.selenium.UnhandledAlertException">unexpected alert open: {Alert text : }
  (Session info: chrome=86.0.4240.198): {Alert text : 
Build info: version: '3.141.59', revision: 'e82be7d358', time: '2018-11-14T08:17:03'
System info: host: 'JUANSE-PC', ip: '192.168.0.4', os.name: 'Windows 7', os.arch: 'amd64', os.version: '6.1', java.version: '15.0.1'
Driver info: org.openqa.selenium.chrome.ChromeDriver
Capabilities {acceptInsecureCerts: false, browserName: chrome, browserVersion: 86.0.4240.198, chrome: {chromedriverVersion: 86.0.4240.22 (398b0743353ff..., userDataDir: C:\Users\JUANSE\AppData\Loc...}, goog:chromeOptions: {debuggerAddress: localhost:50690}, javascriptEnabled: true, networkConnectionEnabled: false, pageLoadStrategy: normal, platform: WINDOWS, platformName: WINDOWS, proxy: Proxy(), setWindowRect: true, strictFileInteractability: false, timeouts: {implicit: 0, pageLoad: 300000, script: 30000}, unhandledPromptBehavior: dismiss and notify, webauthn:virtualAuthenticators: true}
Session ID: a447cf0ee97cad6bb2e43797e79760a8
*** Element info: {Using=xpath, value=//a[contains(text(),'DDDDDDDDD')]}: null
Build info: version: '3.141.59', revision: 'e82be7d358', time: '2018-11-14T08:17:03'
System info: host: 'JUANSE-PC', ip: '192.168.0.4', os.name: 'Windows 7', os.arch: 'amd64', os.version: '6.1', java.version: '15.0.1'
Driver info: driver.version: unknown</error><system-err>unexpected alert open: {Alert text : }
  (Session info: chrome=86.0.4240.198): {Alert text : 
Build info: version: '3.141.59', revision: 'e82be7d358', time: '2018-11-14T08:17:03'
System info: host: 'JUANSE-PC', ip: '192.168.0.4', os.name: 'Windows 7', os.arch: 'amd64', os.version: '6.1', java.version: '15.0.1'
Driver info: org.openqa.selenium.chrome.ChromeDriver
Capabilities {acceptInsecureCerts: false, browserName: chrome, browserVersion: 86.0.4240.198, chrome: {chromedriverVersion: 86.0.4240.22 (398b0743353ff..., userDataDir: C:\Users\JUANSE\AppData\Loc...}, goog:chromeOptions: {debuggerAddress: localhost:50690}, javascriptEnabled: true, networkConnectionEnabled: false, pageLoadStrategy: normal, platform: WINDOWS, platformName: WINDOWS, proxy: Proxy(), setWindowRect: true, strictFileInteractability: false, timeouts: {implicit: 0, pageLoad: 300000, script: 30000}, unhandledPromptBehavior: dismiss and notify, webauthn:virtualAuthenticators: true}
Session ID: a447cf0ee97cad6bb2e43797e79760a8
*** Element info: {Using=xpath, value=//a[contains(text(),'DDDDDDDDD')]}: null
Build info: version: '3.141.59', revision: 'e82be7d358', time: '2018-11-14T08:17:03'
System info: host: 'JUANSE-PC', ip: '192.168.0.4', os.name: 'Windows 7', os.arch: 'amd64', os.version: '6.1', java.version: '15.0.1'
Driver info: driver.version: unknown&#13;
Choucair.Prueba.pageobjects.Pageobjects.validar_actualizacion_post(Pageobjects.java:223)&#13;
Choucair.Prueba.steps.Step.validar_actualizacion(Step.java:108)&#13;
Choucair.Prueba.definitions.Definitions.validar_nueva_informacion(Definitions.java:141)&#13;
âœ½.Validar nueva informacion "DDDDDDDDD"(src/test/resources/features/Test.feature:148)&#13;
</system-err></testcase><testcase name="Validar aplicacion filtro"/></testsuite>